# JRE version: OpenJDK Runtime Environment (8.0_144-b01) (build 1.8.0_144-b01)
# Java VM: OpenJDK 64-Bit Server VM (25.144-b01 mixed mode linux-amd64 compressed oops)
Heap:
 PSYoungGen      total 482304K, used 418347K [0x00000000e1700000, 0x00000000ffe80000, 0x0000000100000000)
  eden space 466432K, 87% used [0x00000000e1700000,0x00000000fa642e40,0x00000000fde80000)
  from space 15872K, 59% used [0x00000000fef00000,0x00000000ff848020,0x00000000ffe80000)
  to   space 16384K, 0% used [0x00000000fde80000,0x00000000fde80000,0x00000000fee80000)
 ParOldGen       total 131072K, used 44551K [0x00000000a4400000, 0x00000000ac400000, 0x00000000e1700000)
  object space 131072K, 33% used [0x00000000a4400000,0x00000000a6f81c38,0x00000000ac400000)
 Metaspace       used 59847K, capacity 92047K, committed 92160K, reserved 1114112K
  class space    used 17664K, capacity 28054K, committed 28160K, reserved 1048576K
GC Heap History (10 events):
Event: 23.231 GC heap before
{Heap before GC invocations=15 (full 3):
 PSYoungGen      total 416256K, used 15856K [0x00000000e1700000, 0x00000000fd580000, 0x0000000100000000)
  eden space 400384K, 0% used [0x00000000e1700000,0x00000000e1700000,0x00000000f9e00000)
  from space 15872K, 99% used [0x00000000faf80000,0x00000000fbefc158,0x00000000fbf00000)
  to   space 17920K, 0% used [0x00000000f9e00000,0x00000000f9e00000,0x00000000faf80000)
 ParOldGen       total 91648K, used 32028K [0x00000000a4400000, 0x00000000a9d80000, 0x00000000e1700000)
  object space 91648K, 34% used [0x00000000a4400000,0x00000000a6347180,0x00000000a9d80000)
 Metaspace       used 41717K, capacity 59105K, committed 59160K, reserved 1091584K
  class space    used 12349K, capacity 18047K, committed 18048K, reserved 1048576K
Event: 23.506 GC heap after
Heap after GC invocations=15 (full 3):
 PSYoungGen      total 416256K, used 0K [0x00000000e1700000, 0x00000000fd580000, 0x0000000100000000)
  eden space 400384K, 0% used [0x00000000e1700000,0x00000000e1700000,0x00000000f9e00000)
  from space 15872K, 0% used [0x00000000faf80000,0x00000000faf80000,0x00000000fbf00000)
  to   space 17920K, 0% used [0x00000000f9e00000,0x00000000f9e00000,0x00000000faf80000)
 ParOldGen       total 131072K, used 44519K [0x00000000a4400000, 0x00000000ac400000, 0x00000000e1700000)
  object space 131072K, 33% used [0x00000000a4400000,0x00000000a6f79c38,0x00000000ac400000)
 Metaspace       used 41717K, capacity 59105K, committed 59160K, reserved 1091584K
  class space    used 12349K, capacity 18047K, committed 18048K, reserved 1048576K
}
Event: 25.331 GC heap before
{Heap before GC invocations=16 (full 3):
 PSYoungGen      total 416256K, used 400384K [0x00000000e1700000, 0x00000000fd580000, 0x0000000100000000)
  eden space 400384K, 100% used [0x00000000e1700000,0x00000000f9e00000,0x00000000f9e00000)
  from space 15872K, 0% used [0x00000000faf80000,0x00000000faf80000,0x00000000fbf00000)
  to   space 17920K, 0% used [0x00000000f9e00000,0x00000000f9e00000,0x00000000faf80000)
 ParOldGen       total 131072K, used 44519K [0x00000000a4400000, 0x00000000ac400000, 0x00000000e1700000)
  object space 131072K, 33% used [0x00000000a4400000,0x00000000a6f79c38,0x00000000ac400000)
 Metaspace       used 47230K, capacity 70547K, committed 70656K, reserved 1097728K
  class space    used 14230K, capacity 21957K, committed 22016K, reserved 1048576K
Event: 25.339 GC heap after
Heap after GC invocations=16 (full 3):
 PSYoungGen      total 418304K, used 3472K [0x00000000e1700000, 0x0000000100000000, 0x0000000100000000)
  eden space 400384K, 0% used [0x00000000e1700000,0x00000000e1700000,0x00000000f9e00000)
  from space 17920K, 19% used [0x00000000f9e00000,0x00000000fa164010,0x00000000faf80000)
  to   space 17920K, 0% used [0x00000000fee80000,0x00000000fee80000,0x0000000100000000)
 ParOldGen       total 131072K, used 44527K [0x00000000a4400000, 0x00000000ac400000, 0x00000000e1700000)
  object space 131072K, 33% used [0x00000000a4400000,0x00000000a6f7bc38,0x00000000ac400000)
 Metaspace       used 47230K, capacity 70547K, committed 70656K, reserved 1097728K
  class space    used 14230K, capacity 21957K, committed 22016K, reserved 1048576K
}
Event: 27.164 GC heap before
{Heap before GC invocations=17 (full 3):
 PSYoungGen      total 418304K, used 403856K [0x00000000e1700000, 0x0000000100000000, 0x0000000100000000)
  eden space 400384K, 100% used [0x00000000e1700000,0x00000000f9e00000,0x00000000f9e00000)
  from space 17920K, 19% used [0x00000000f9e00000,0x00000000fa164010,0x00000000faf80000)
  to   space 17920K, 0% used [0x00000000fee80000,0x00000000fee80000,0x0000000100000000)
 ParOldGen       total 131072K, used 44527K [0x00000000a4400000, 0x00000000ac400000, 0x00000000e1700000)
  object space 131072K, 33% used [0x00000000a4400000,0x00000000a6f7bc38,0x00000000ac400000)
 Metaspace       used 54327K, capacity 82667K, committed 82944K, reserved 1105920K
  class space    used 16565K, capacity 25833K, committed 25856K, reserved 1048576K
Event: 27.197 GC heap after
Heap after GC invocations=17 (full 3):
 PSYoungGen      total 481792K, used 7758K [0x00000000e1700000, 0x00000000fff00000, 0x0000000100000000)
  eden space 464896K, 0% used [0x00000000e1700000,0x00000000e1700000,0x00000000fdd00000)
  from space 16896K, 45% used [0x00000000fee80000,0x00000000ff613a80,0x00000000fff00000)
  to   space 17408K, 0% used [0x00000000fdd00000,0x00000000fdd00000,0x00000000fee00000)
 ParOldGen       total 131072K, used 44535K [0x00000000a4400000, 0x00000000ac400000, 0x00000000e1700000)
  object space 131072K, 33% used [0x00000000a4400000,0x00000000a6f7dc38,0x00000000ac400000)
 Metaspace       used 54327K, capacity 82667K, committed 82944K, reserved 1105920K
  class space    used 16565K, capacity 25833K, committed 25856K, reserved 1048576K
}
Event: 28.605 GC heap before
{Heap before GC invocations=18 (full 3):
 PSYoungGen      total 481792K, used 472654K [0x00000000e1700000, 0x00000000fff00000, 0x0000000100000000)
  eden space 464896K, 100% used [0x00000000e1700000,0x00000000fdd00000,0x00000000fdd00000)
  from space 16896K, 45% used [0x00000000fee80000,0x00000000ff613a80,0x00000000fff00000)
  to   space 17408K, 0% used [0x00000000fdd00000,0x00000000fdd00000,0x00000000fee00000)
 ParOldGen       total 131072K, used 44535K [0x00000000a4400000, 0x00000000ac400000, 0x00000000e1700000)
  object space 131072K, 33% used [0x00000000a4400000,0x00000000a6f7dc38,0x00000000ac400000)
 Metaspace       used 57593K, capacity 88547K, committed 88832K, reserved 1112064K
  class space    used 17236K, capacity 27061K, committed 27136K, reserved 1048576K
Event: 28.642 GC heap after
Heap after GC invocations=18 (full 3):
 PSYoungGen      total 482304K, used 10198K [0x00000000e1700000, 0x00000000fff80000, 0x0000000100000000)
  eden space 464896K, 0% used [0x00000000e1700000,0x00000000e1700000,0x00000000fdd00000)
  from space 17408K, 58% used [0x00000000fdd00000,0x00000000fe6f5b18,0x00000000fee00000)
  to   space 16896K, 0% used [0x00000000fef00000,0x00000000fef00000,0x00000000fff80000)
 ParOldGen       total 131072K, used 44543K [0x00000000a4400000, 0x00000000ac400000, 0x00000000e1700000)
  object space 131072K, 33% used [0x00000000a4400000,0x00000000a6f7fc38,0x00000000ac400000)
 Metaspace       used 57593K, capacity 88547K, committed 88832K, reserved 1112064K
  class space    used 17236K, capacity 27061K, committed 27136K, reserved 1048576K
}
Event: 47.942 GC heap before
{Heap before GC invocations=19 (full 3):
 PSYoungGen      total 482304K, used 475094K [0x00000000e1700000, 0x00000000fff80000, 0x0000000100000000)
  eden space 464896K, 100% used [0x00000000e1700000,0x00000000fdd00000,0x00000000fdd00000)
  from space 17408K, 58% used [0x00000000fdd00000,0x00000000fe6f5b18,0x00000000fee00000)
  to   space 16896K, 0% used [0x00000000fef00000,0x00000000fef00000,0x00000000fff80000)
 ParOldGen       total 131072K, used 44543K [0x00000000a4400000, 0x00000000ac400000, 0x00000000e1700000)
  object space 131072K, 33% used [0x00000000a4400000,0x00000000a6f7fc38,0x00000000ac400000)
 Metaspace       used 59421K, capacity 91335K, committed 91648K, reserved 1114112K
  class space    used 17545K, capacity 27833K, committed 27904K, reserved 1048576K
Event: 47.985 GC heap after
Heap after GC invocations=19 (full 3):
 PSYoungGen      total 482304K, used 9504K [0x00000000e1700000, 0x00000000ffe80000, 0x0000000100000000)
  eden space 466432K, 0% used [0x00000000e1700000,0x00000000e1700000,0x00000000fde80000)
  from space 15872K, 59% used [0x00000000fef00000,0x00000000ff848020,0x00000000ffe80000)
  to   space 16384K, 0% used [0x00000000fde80000,0x00000000fde80000,0x00000000fee80000)
 ParOldGen       total 131072K, used 44551K [0x00000000a4400000, 0x00000000ac400000, 0x00000000e1700000)
  object space 131072K, 33% used [0x00000000a4400000,0x00000000a6f81c38,0x00000000ac400000)
 Metaspace       used 59421K, capacity 91335K, committed 91648K, reserved 1114112K
  class space    used 17545K, capacity 27833K, committed 27904K, reserved 1048576K
}

